<?xml version="1.0" encoding="UTF-8"?>
<testng-results ignored="2" total="14" passed="10" failed="2" skipped="0">
  <reporter-output>
  </reporter-output>
  <suite started-at="2022-09-27T10:38:33 IST" name="Suite" finished-at="2022-09-27T10:38:34 IST" duration-ms="1832">
    <groups>
      <group name="speed">
        <method signature="BikeTest.speed()[pri:0, instance:com.service.BikeTest@55f616cf]" name="speed" class="com.service.BikeTest"/>
        <method signature="CarTest.speed()[pri:0, instance:com.service.CarTest@609db43b]" name="speed" class="com.service.CarTest"/>
      </group> <!-- speed -->
    </groups>
    <test started-at="2022-09-27T10:38:33 IST" name="Test" finished-at="2022-09-27T10:38:34 IST" duration-ms="1832">
      <class name="com.service.SampleTest">
        <test-method signature="f1()[pri:0, instance:com.service.SampleTest@3c947bc5]" started-at="2022-09-27T10:38:33 IST" name="f1" finished-at="2022-09-27T10:38:33 IST" duration-ms="2" status="PASS">
          <reporter-output>
          </reporter-output>
        </test-method> <!-- f1 -->
      </class> <!-- com.service.SampleTest -->
      <class name="com.service.AccountServiceTest">
        <test-method signature="createAccountTest()[pri:0, instance:com.service.AccountServiceTest@1356d4d4]" started-at="2022-09-27T10:38:33 IST" name="createAccountTest" finished-at="2022-09-27T10:38:34 IST" duration-ms="1130" status="FAIL">
          <exception class="java.lang.AssertionError">
            <message>
              <![CDATA[expected [Account created] but found [Account didn't create]]]>
            </message>
            <full-stacktrace>
              <![CDATA[java.lang.AssertionError: expected [Account created] but found [Account didn't create]
at org.testng.Assert.fail(Assert.java:97)
at org.testng.Assert.assertEqualsImpl(Assert.java:136)
at org.testng.Assert.assertEquals(Assert.java:118)
at org.testng.Assert.assertEquals(Assert.java:575)
at org.testng.Assert.assertEquals(Assert.java:585)
at com.service.AccountServiceTest.createAccountTest(AccountServiceTest.java:22)
at java.base/jdk.internal.reflect.NativeMethodAccessorImpl.invoke0(Native Method)
at java.base/jdk.internal.reflect.NativeMethodAccessorImpl.invoke(NativeMethodAccessorImpl.java:62)
at java.base/jdk.internal.reflect.DelegatingMethodAccessorImpl.invoke(DelegatingMethodAccessorImpl.java:43)
at java.base/java.lang.reflect.Method.invoke(Method.java:566)
at org.testng.internal.MethodInvocationHelper.invokeMethod(MethodInvocationHelper.java:134)
at org.testng.internal.TestInvoker.invokeMethod(TestInvoker.java:597)
at org.testng.internal.TestInvoker.invokeTestMethod(TestInvoker.java:173)
at org.testng.internal.MethodRunner.runInSequence(MethodRunner.java:46)
at org.testng.internal.TestInvoker$MethodInvocationAgent.invoke(TestInvoker.java:816)
at org.testng.internal.TestInvoker.invokeTestMethods(TestInvoker.java:146)
at org.testng.internal.TestMethodWorker.invokeTestMethods(TestMethodWorker.java:146)
at org.testng.internal.TestMethodWorker.run(TestMethodWorker.java:128)
at java.base/java.util.ArrayList.forEach(ArrayList.java:1541)
at org.testng.TestRunner.privateRun(TestRunner.java:766)
at org.testng.TestRunner.run(TestRunner.java:587)
at org.testng.SuiteRunner.runTest(SuiteRunner.java:384)
at org.testng.SuiteRunner.runSequentially(SuiteRunner.java:378)
at org.testng.SuiteRunner.privateRun(SuiteRunner.java:337)
at org.testng.SuiteRunner.run(SuiteRunner.java:286)
at org.testng.SuiteRunnerWorker.runSuite(SuiteRunnerWorker.java:53)
at org.testng.SuiteRunnerWorker.run(SuiteRunnerWorker.java:96)
at org.testng.TestNG.runSuitesSequentially(TestNG.java:1187)
at org.testng.TestNG.runSuitesLocally(TestNG.java:1109)
at org.testng.TestNG.runSuites(TestNG.java:1039)
at org.testng.TestNG.run(TestNG.java:1007)
at org.testng.remote.AbstractRemoteTestNG.run(AbstractRemoteTestNG.java:115)
at org.testng.remote.RemoteTestNG.initAndRun(RemoteTestNG.java:251)
at org.testng.remote.RemoteTestNG.main(RemoteTestNG.java:77)
]]>
            </full-stacktrace>
          </exception> <!-- java.lang.AssertionError -->
          <reporter-output>
          </reporter-output>
        </test-method> <!-- createAccountTest -->
        <test-method signature="depositTest()[pri:0, instance:com.service.AccountServiceTest@1356d4d4]" started-at="2022-09-27T10:38:34 IST" name="depositTest" finished-at="2022-09-27T10:38:34 IST" duration-ms="179" status="PASS">
          <reporter-output>
          </reporter-output>
        </test-method> <!-- depositTest -->
        <test-method signature="findBalanceTest()[pri:0, instance:com.service.AccountServiceTest@1356d4d4]" started-at="2022-09-27T10:38:34 IST" name="findBalanceTest" finished-at="2022-09-27T10:38:34 IST" duration-ms="375" status="FAIL">
          <exception class="java.lang.AssertionError">
            <message>
              <![CDATA[expected [Your account balance is 700.0] but found [Your account balance is 55000.0]]]>
            </message>
            <full-stacktrace>
              <![CDATA[java.lang.AssertionError: expected [Your account balance is 700.0] but found [Your account balance is 55000.0]
at org.testng.Assert.fail(Assert.java:97)
at org.testng.Assert.assertEqualsImpl(Assert.java:136)
at org.testng.Assert.assertEquals(Assert.java:118)
at org.testng.Assert.assertEquals(Assert.java:575)
at org.testng.Assert.assertEquals(Assert.java:585)
at com.service.AccountServiceTest.findBalanceTest(AccountServiceTest.java:56)
at java.base/jdk.internal.reflect.NativeMethodAccessorImpl.invoke0(Native Method)
at java.base/jdk.internal.reflect.NativeMethodAccessorImpl.invoke(NativeMethodAccessorImpl.java:62)
at java.base/jdk.internal.reflect.DelegatingMethodAccessorImpl.invoke(DelegatingMethodAccessorImpl.java:43)
at java.base/java.lang.reflect.Method.invoke(Method.java:566)
at org.testng.internal.MethodInvocationHelper.invokeMethod(MethodInvocationHelper.java:134)
at org.testng.internal.TestInvoker.invokeMethod(TestInvoker.java:597)
at org.testng.internal.TestInvoker.invokeTestMethod(TestInvoker.java:173)
at org.testng.internal.MethodRunner.runInSequence(MethodRunner.java:46)
at org.testng.internal.TestInvoker$MethodInvocationAgent.invoke(TestInvoker.java:816)
at org.testng.internal.TestInvoker.invokeTestMethods(TestInvoker.java:146)
at org.testng.internal.TestMethodWorker.invokeTestMethods(TestMethodWorker.java:146)
at org.testng.internal.TestMethodWorker.run(TestMethodWorker.java:128)
at java.base/java.util.ArrayList.forEach(ArrayList.java:1541)
at org.testng.TestRunner.privateRun(TestRunner.java:766)
at org.testng.TestRunner.run(TestRunner.java:587)
at org.testng.SuiteRunner.runTest(SuiteRunner.java:384)
at org.testng.SuiteRunner.runSequentially(SuiteRunner.java:378)
at org.testng.SuiteRunner.privateRun(SuiteRunner.java:337)
at org.testng.SuiteRunner.run(SuiteRunner.java:286)
at org.testng.SuiteRunnerWorker.runSuite(SuiteRunnerWorker.java:53)
at org.testng.SuiteRunnerWorker.run(SuiteRunnerWorker.java:96)
at org.testng.TestNG.runSuitesSequentially(TestNG.java:1187)
at org.testng.TestNG.runSuitesLocally(TestNG.java:1109)
at org.testng.TestNG.runSuites(TestNG.java:1039)
at org.testng.TestNG.run(TestNG.java:1007)
at org.testng.remote.AbstractRemoteTestNG.run(AbstractRemoteTestNG.java:115)
at org.testng.remote.RemoteTestNG.initAndRun(RemoteTestNG.java:251)
at org.testng.remote.RemoteTestNG.main(RemoteTestNG.java:77)
]]>
            </full-stacktrace>
          </exception> <!-- java.lang.AssertionError -->
          <reporter-output>
          </reporter-output>
        </test-method> <!-- findBalanceTest -->
        <test-method signature="withdrawnTest()[pri:0, instance:com.service.AccountServiceTest@1356d4d4]" started-at="2022-09-27T10:38:34 IST" name="withdrawnTest" finished-at="2022-09-27T10:38:34 IST" duration-ms="53" status="PASS">
          <reporter-output>
          </reporter-output>
        </test-method> <!-- withdrawnTest -->
      </class> <!-- com.service.AccountServiceTest -->
      <class name="com.service.CarTest">
        <test-method signature="color()[pri:0, instance:com.service.CarTest@609db43b]" started-at="2022-09-27T10:38:33 IST" name="color" finished-at="2022-09-27T10:38:33 IST" duration-ms="2" status="PASS">
          <reporter-output>
          </reporter-output>
        </test-method> <!-- color -->
        <test-method signature="milage()[pri:0, instance:com.service.CarTest@609db43b]" started-at="2022-09-27T10:38:33 IST" name="milage" finished-at="2022-09-27T10:38:33 IST" duration-ms="1" status="PASS">
          <reporter-output>
          </reporter-output>
        </test-method> <!-- milage -->
        <test-method signature="speed()[pri:0, instance:com.service.CarTest@609db43b]" started-at="2022-09-27T10:38:33 IST" name="speed" finished-at="2022-09-27T10:38:33 IST" duration-ms="1" status="PASS">
          <reporter-output>
          </reporter-output>
        </test-method> <!-- speed -->
      </class> <!-- com.service.CarTest -->
      <class name="com.service.HookTestingMethods">
        <test-method is-config="true" signature="beforeSuite()[pri:0, instance:com.service.HookTestingMethods@671a5887]" started-at="2022-09-27T10:38:33 IST" name="beforeSuite" finished-at="2022-09-27T10:38:33 IST" duration-ms="12" status="PASS">
          <reporter-output>
          </reporter-output>
        </test-method> <!-- beforeSuite -->
        <test-method is-config="true" signature="beforeTest()[pri:0, instance:com.service.HookTestingMethods@671a5887]" started-at="2022-09-27T10:38:33 IST" name="beforeTest" finished-at="2022-09-27T10:38:33 IST" duration-ms="0" status="PASS">
          <reporter-output>
          </reporter-output>
        </test-method> <!-- beforeTest -->
        <test-method is-config="true" signature="beforeClass()[pri:0, instance:com.service.HookTestingMethods@671a5887]" started-at="2022-09-27T10:38:33 IST" name="beforeClass" finished-at="2022-09-27T10:38:33 IST" duration-ms="1" status="PASS">
          <reporter-output>
          </reporter-output>
        </test-method> <!-- beforeClass -->
        <test-method is-config="true" signature="beforeMethod()[pri:0, instance:com.service.HookTestingMethods@671a5887]" started-at="2022-09-27T10:38:33 IST" name="beforeMethod" finished-at="2022-09-27T10:38:33 IST" duration-ms="1" status="PASS">
          <reporter-output>
          </reporter-output>
        </test-method> <!-- beforeMethod -->
        <test-method signature="f2()[pri:0, instance:com.service.HookTestingMethods@671a5887]" started-at="2022-09-27T10:38:33 IST" name="f2" finished-at="2022-09-27T10:38:33 IST" duration-ms="8" status="PASS">
          <reporter-output>
          </reporter-output>
        </test-method> <!-- f2 -->
        <test-method is-config="true" signature="afterMethod()[pri:0, instance:com.service.HookTestingMethods@671a5887]" started-at="2022-09-27T10:38:33 IST" name="afterMethod" finished-at="2022-09-27T10:38:33 IST" duration-ms="1" status="PASS">
          <reporter-output>
          </reporter-output>
        </test-method> <!-- afterMethod -->
        <test-method is-config="true" signature="afterClass()[pri:0, instance:com.service.HookTestingMethods@671a5887]" started-at="2022-09-27T10:38:33 IST" name="afterClass" finished-at="2022-09-27T10:38:33 IST" duration-ms="1" status="PASS">
          <reporter-output>
          </reporter-output>
        </test-method> <!-- afterClass -->
        <test-method is-config="true" signature="afterTest()[pri:0, instance:com.service.HookTestingMethods@671a5887]" started-at="2022-09-27T10:38:34 IST" name="afterTest" finished-at="2022-09-27T10:38:34 IST" duration-ms="0" status="PASS">
          <reporter-output>
          </reporter-output>
        </test-method> <!-- afterTest -->
        <test-method is-config="true" signature="afterSuite()[pri:0, instance:com.service.HookTestingMethods@671a5887]" started-at="2022-09-27T10:38:35 IST" name="afterSuite" finished-at="2022-09-27T10:38:35 IST" duration-ms="0" status="PASS">
          <reporter-output>
          </reporter-output>
        </test-method> <!-- afterSuite -->
      </class> <!-- com.service.HookTestingMethods -->
      <class name="com.service.BikeTest">
        <test-method signature="color()[pri:0, instance:com.service.BikeTest@55f616cf]" started-at="2022-09-27T10:38:33 IST" name="color" finished-at="2022-09-27T10:38:33 IST" duration-ms="1" status="PASS">
          <reporter-output>
          </reporter-output>
        </test-method> <!-- color -->
        <test-method signature="milage()[pri:0, instance:com.service.BikeTest@55f616cf]" started-at="2022-09-27T10:38:33 IST" name="milage" finished-at="2022-09-27T10:38:33 IST" duration-ms="2" status="PASS">
          <reporter-output>
          </reporter-output>
        </test-method> <!-- milage -->
        <test-method signature="speed()[pri:0, instance:com.service.BikeTest@55f616cf]" started-at="2022-09-27T10:38:33 IST" name="speed" finished-at="2022-09-27T10:38:33 IST" duration-ms="1" status="PASS">
          <reporter-output>
          </reporter-output>
        </test-method> <!-- speed -->
      </class> <!-- com.service.BikeTest -->
    </test> <!-- Test -->
  </suite> <!-- Suite -->
</testng-results>
