<?xml version="1.0" encoding="UTF-8"?>
<!-- Generated by org.testng.reporters.JUnitXMLReporter -->
<testsuite ignored="2" hostname="Saveri-Susarla" failures="2" tests="12" name="Test" time="1.832" errors="0" timestamp="2022-09-27T10:38:35 IST">
  <testcase classname="com.service.HookTestingMethods" name="f2" time="0.008"/>
  <testcase classname="com.service.SampleTest" name="f1" time="0.002"/>
  <testcase classname="com.service.CarTest" name="color" time="0.002"/>
  <testcase classname="com.service.CarTest" name="milage" time="0.001"/>
  <testcase classname="com.service.CarTest" name="speed" time="0.001"/>
  <testcase classname="com.service.BikeTest" name="color" time="0.001"/>
  <testcase classname="com.service.BikeTest" name="milage" time="0.002"/>
  <testcase classname="com.service.BikeTest" name="speed" time="0.001"/>
  <testcase classname="com.service.AccountServiceTest" name="createAccountTest" time="1.13">
    <failure type="java.lang.AssertionError" message="expected [Account created] but found [Account didn&amp;apos;t create]">
      <![CDATA[java.lang.AssertionError: expected [Account created] but found [Account didn't create]
at com.service.AccountServiceTest.createAccountTest(AccountServiceTest.java:22)
at java.base/java.util.ArrayList.forEach(ArrayList.java:1541)
... Removed 32 stack frames]]>
    </failure>
  </testcase> <!-- createAccountTest -->
  <testcase classname="com.service.AccountServiceTest" name="depositTest" time="0.179"/>
  <testcase classname="com.service.AccountServiceTest" name="findBalanceTest" time="0.375">
    <failure type="java.lang.AssertionError" message="expected [Your account balance is 700.0] but found [Your account balance is 55000.0]">
      <![CDATA[java.lang.AssertionError: expected [Your account balance is 700.0] but found [Your account balance is 55000.0]
at com.service.AccountServiceTest.findBalanceTest(AccountServiceTest.java:56)
at java.base/java.util.ArrayList.forEach(ArrayList.java:1541)
... Removed 32 stack frames]]>
    </failure>
  </testcase> <!-- findBalanceTest -->
  <testcase classname="com.service.AccountServiceTest" name="withdrawnTest" time="0.053"/>
  <testcase classname="com.service.HookTestingMethods" name="f1" time="0.0">
    <ignored/>
  </testcase> <!-- f1 -->
  <testcase classname="com.service.SampleTest" name="f2" time="0.0">
    <ignored/>
  </testcase> <!-- f2 -->
</testsuite> <!-- Test -->
